#
# A fatal error has been detected by the Java Runtime Environment:
#
#  SIGSEGV (0xb) at pc=0x00007f6b51020aa6, pid=15599, tid=140099313932032
#
# JRE version: Java(TM) SE Runtime Environment (8.0_25-b17) (build 1.8.0_25-b17)
# Java VM: Java HotSpot(TM) 64-Bit Server VM (25.25-b02 mixed mode linux-amd64 compressed oops)
# Problematic frame:
# j  com.android.dx.rop.code.RegisterSpec$ForComparison.equals(Ljava/lang/Object;)Z+1
#
# Failed to write core dump. Core dumps have been disabled. To enable core dumping, try "ulimit -c unlimited" before starting Java again
#
# If you would like to submit a bug report, please visit:
#   http://bugreport.sun.com/bugreport/crash.jsp
#

---------------  T H R E A D  ---------------

Current thread (0x00007f6b6000a000):  JavaThread "main" [_thread_in_Java, id=15603, stack(0x00007f6b69c71000,0x00007f6b69d72000)]

siginfo: si_signo: 11 (SIGSEGV), si_code: 1 (SEGV_MAPERR), si_addr: 0x000000060f0c9630

Registers:
RAX=0x000000010007ef78, RBX=0x0000000000000006, RCX=0x0000000000000030, RDX=0x000000060f0c9600
RSP=0x00007f6b69d6f8a8, RBP=0x00007f6b69d6f8e8, RSI=0x00000000ffffffff, RDI=0x0000000000000001
R8 =0x0000000000000000, R9 =0x00007f6b601d2b30, R10=0x00007f6b6914f560, R11=0x00007f6b685d5df0
R12=0x0000000000000000, R13=0x00007f6b50ce0e71, R14=0x00007f6b69d6f908, R15=0x00007f6b6000a000
RIP=0x00007f6b51020aa6, EFLAGS=0x0000000000010216, CSGSFS=0x6236000000000033, ERR=0x0000000000000004
  TRAPNO=0x000000000000000e

Top of Stack: (sp=0x00007f6b69d6f8a8)
0x00007f6b69d6f8a8:   00007f6b69d6f8a8 00007f6b50ce0e71
0x00007f6b69d6f8b8:   00007f6b69d6f908 00007f6b50ce1290
0x00007f6b69d6f8c8:   00007f6b50d96aa8 00007f6b50ce0ec0
0x00007f6b69d6f8d8:   0000000000000000 00007f6b69d6f910
0x00007f6b69d6f8e8:   00000000c03d1df8 00007f6b5173414c
0x00007f6b69d6f8f8:   0000000000000000 00000000ca37bb40
0x00007f6b69d6f908:   00000000c03d1df8 c04226b09ac27c1c
0x00007f6b69d6f918:   00000000c03d1df8 00000000c7c4d188
0x00007f6b69d6f928:   00000000c91d95d8 00007f6b6000a000
0x00007f6b69d6f938:   00007f6b6000a000 00007f6b69d70578
0x00007f6b69d6f948:   00007f6b51692f8c 0000000000000a1f
0x00007f6b69d6f958:   0000000000000000 0000000000000200
0x00007f6b69d6f968:   000000010007a230 00000000ebff8bd0
0x00007f6b69d6f978:   0000000000000003 00007f6b69d70578
0x00007f6b69d6f988:   00007f6b514abdbc 00007f6b69d6f9c0
0x00007f6b69d6f998:   00000000ec0062d0 000000010000003a
0x00007f6b69d6f9a8:   000000000000003d 00000000ec006340
0x00007f6b69d6f9b8:   0000000000000000 00007f6b69d70578
0x00007f6b69d6f9c8:   00007f6b513d6ddc 00007f6b69d70578
0x00007f6b69d6f9d8:   00007f6b514334bc 00007f6b69d6fa30
0x00007f6b69d6f9e8:   00007f6b6000a000 00007f6b69d6fa40
0x00007f6b69d6f9f8:   00000000c03d1df8 00000000c03d1e10
0x00007f6b69d6fa08:   00000000ec007720 0000000000000011
0x00007f6b69d6fa18:   00000000c03d1e10 00000000ebffa570
0x00007f6b69d6fa28:   00000000ec0067d8 00007f6b69d70578
0x00007f6b69d6fa38:   00007f6b518e6ea4 00000000ebff7258
0x00007f6b69d6fa48:   00000000ec0062d0 000000030000003a
0x00007f6b69d6fa58:   00000000ec005ca0 00000000ebff7258
0x00007f6b69d6fa68:   00007f6b5193e598 0000003d00000000
0x00007f6b69d6fa78:   00000000ebffa368 00000000ec0062d0
0x00007f6b69d6fa88:   0000003eebffa380 000000b1ebff2d28
0x00007f6b69d6fa98:   00000a4eebff3970 0000000100000a4f 

Instructions: (pc=0x00007f6b51020aa6)
0x00007f6b51020a86:   89 51 10 bf 01 00 00 00 48 89 79 18 48 83 c1 30
0x00007f6b51020a96:   48 89 4d e0 48 3b d0 0f 84 59 00 00 00 8b 48 0c
0x00007f6b51020aa6:   48 3b 04 0a 0f 84 4c 00 00 00 83 f9 18 0f 85 22
0x00007f6b51020ab6:   00 00 00 50 48 8b c0 57 48 8b 7a 20 8b 0f 48 83 

Register to memory mapping:

RAX=0x000000010007ef78 is pointing into metadata
RBX=0x0000000000000006 is an unknown value
RCX=0x0000000000000030 is an unknown value
RDX=0x000000060f0c9600 is an unknown value
RSP=0x00007f6b69d6f8a8 is pointing into the stack for thread: 0x00007f6b6000a000
RBP=0x00007f6b69d6f8e8 is pointing into the stack for thread: 0x00007f6b6000a000
RSI=0x00000000ffffffff is an unknown value
RDI=0x0000000000000001 is an unknown value
R8 =0x0000000000000000 is an unknown value
R9 =0x00007f6b601d2b30 is an unknown value
R10=0x00007f6b6914f560: <offset 0xf60560> in /usr/lib/jvm/jdk1.8.0_25/jre/lib/amd64/server/libjvm.so at 0x00007f6b681ef000
R11=0x00007f6b685d5df0: <offset 0x3e6df0> in /usr/lib/jvm/jdk1.8.0_25/jre/lib/amd64/server/libjvm.so at 0x00007f6b681ef000
R12=0x0000000000000000 is an unknown value
R13=0x00007f6b50ce0e71 is pointing into metadata
R14=0x00007f6b69d6f908 is pointing into the stack for thread: 0x00007f6b6000a000
R15=0x00007f6b6000a000 is a thread


Stack: [0x00007f6b69c71000,0x00007f6b69d72000],  sp=0x00007f6b69d6f8a8,  free space=1018k
Native frames: (J=compiled Java code, j=interpreted, Vv=VM code, C=native code)
j  com.android.dx.rop.code.RegisterSpec$ForComparison.equals(Ljava/lang/Object;)Z+1
J 1914 C2 java.util.HashMap.getNode(ILjava/lang/Object;)Ljava/util/HashMap$Node; (148 bytes) @ 0x00007f6b5173414c [0x00007f6b51734000+0x14c]


---------------  P R O C E S S  ---------------

Java Threads: ( => current thread )
  0x00007f6b600af000 JavaThread "Service Thread" daemon [_thread_blocked, id=15614, stack(0x00007f6b4b015000,0x00007f6b4b116000)]
  0x00007f6b600aa800 JavaThread "C1 CompilerThread1" daemon [_thread_blocked, id=15612, stack(0x00007f6b4b116000,0x00007f6b4b217000)]
  0x00007f6b600a7800 JavaThread "C2 CompilerThread0" daemon [_thread_in_native, id=15611, stack(0x00007f6b4b217000,0x00007f6b4b318000)]
  0x00007f6b600a5800 JavaThread "Signal Dispatcher" daemon [_thread_blocked, id=15610, stack(0x00007f6b4b318000,0x00007f6b4b419000)]
  0x00007f6b60078800 JavaThread "Finalizer" daemon [_thread_blocked, id=15609, stack(0x00007f6b4bafb000,0x00007f6b4bbfc000)]
  0x00007f6b60076800 JavaThread "Reference Handler" daemon [_thread_blocked, id=15608, stack(0x00007f6b4bbfc000,0x00007f6b4bcfd000)]
=>0x00007f6b6000a000 JavaThread "main" [_thread_in_Java, id=15603, stack(0x00007f6b69c71000,0x00007f6b69d72000)]

Other Threads:
  0x00007f6b6006f000 VMThread [stack: 0x00007f6b4bcfd000,0x00007f6b4bdfe000] [id=15606]
  0x00007f6b600b4000 WatcherThread [stack: 0x00007f6b4af14000,0x00007f6b4b015000] [id=15615]

VM state:not at safepoint (normal execution)

VM Mutex/Monitor currently owned by a thread: None

Heap:
 PSYoungGen      total 232960K, used 50852K [0x00000000eab00000, 0x0000000100000000, 0x0000000100000000)
  eden space 116736K, 19% used [0x00000000eab00000,0x00000000ec1cca90,0x00000000f1d00000)
  from space 116224K, 23% used [0x00000000f1d00000,0x00000000f37dc658,0x00000000f8e80000)
  to   space 116224K, 0% used [0x00000000f8e80000,0x00000000f8e80000,0x0000000100000000)
 ParOldGen       total 516608K, used 339255K [0x00000000c0000000, 0x00000000df880000, 0x00000000eab00000)
  object space 516608K, 65% used [0x00000000c0000000,0x00000000d4b4dfa8,0x00000000df880000)
 Metaspace       used 6150K, capacity 7216K, committed 7296K, reserved 1056768K
  class space    used 574K, capacity 616K, committed 640K, reserved 1048576K

Card table byte_map: [0x00007f6b6688e000,0x00007f6b66a8f000] byte_map_base: 0x00007f6b6628e000

Marking Bits: (ParMarkBitMap*) 0x00007f6b691492c0
 Begin Bits: [0x00007f6b64536000, 0x00007f6b65536000)
 End Bits:   [0x00007f6b65536000, 0x00007f6b66536000)

Polling page: 0x00007f6b69d8f000

CodeCache: size=245760Kb used=10788Kb max_used=10812Kb free=234971Kb
 bounds [0x00007f6b51000000, 0x00007f6b51ad0000, 0x00007f6b60000000]
 total_blobs=2420 nmethods=2161 adapters=174
 compilation: enabled

Compilation events (10 events):
Event: 58.317 Thread 0x00007f6b600a7800 nmethod 2218 0x00007f6b5111d6d0 code [0x00007f6b5111d820, 0x00007f6b5111d8d8]
Event: 58.318 Thread 0x00007f6b600a7800 2022       4       com.android.dx.dex.code.CodeAddress::<init> (7 bytes)
Event: 58.322 Thread 0x00007f6b600a7800 nmethod 2022 0x00007f6b51137910 code [0x00007f6b51137a60, 0x00007f6b51137b18]
Event: 58.323 Thread 0x00007f6b600a7800 2145   !   4       com.android.dx.rop.code.LocalVariableInfo::getStarts0 (18 bytes)
Event: 58.324 Thread 0x00007f6b600a7800 nmethod 2145 0x00007f6b511b7650 code [0x00007f6b511b77a0, 0x00007f6b511b7838]
Event: 58.327 Thread 0x00007f6b600a7800 1844       4       com.android.dx.rop.code.ThrowingCstInsn::<init> (51 bytes)
Event: 58.332 Thread 0x00007f6b600a7800 nmethod 1844 0x00007f6b51237f50 code [0x00007f6b512380a0, 0x00007f6b51238278]
Event: 58.342 Thread 0x00007f6b600a7800 2386       4       com.android.dx.ssa.back.RegisterAllocator::getDefinitionSpecForSsaReg (22 bytes)
Event: 58.346 Thread 0x00007f6b600a7800 nmethod 2386 0x00007f6b51108710 code [0x00007f6b51108880, 0x00007f6b51108ae8]
Event: 58.347 Thread 0x00007f6b600a7800 2405       4       com.android.dx.dex.code.RopTranslator::pickOrder (400 bytes)

GC Heap History (10 events):
Event: 46.618 GC heap before
{Heap before GC invocations=17 (full 3):
 PSYoungGen      total 274432K, used 274149K [0x00000000eab00000, 0x0000000100000000, 0x0000000100000000)
  eden space 210432K, 100% used [0x00000000eab00000,0x00000000f7880000,0x00000000f7880000)
  from space 64000K, 99% used [0x00000000f7880000,0x00000000fb6b9660,0x00000000fb700000)
  to   space 74752K, 0% used [0x00000000fb700000,0x00000000fb700000,0x0000000100000000)
 ParOldGen       total 339456K, used 206283K [0x00000000c0000000, 0x00000000d4b80000, 0x00000000eab00000)
  object space 339456K, 60% used [0x00000000c0000000,0x00000000cc972c88,0x00000000d4b80000)
 Metaspace       used 6138K, capacity 7216K, committed 7296K, reserved 1056768K
  class space    used 572K, capacity 616K, committed 640K, reserved 1048576K
Event: 47.200 GC heap after
Heap after GC invocations=17 (full 3):
 PSYoungGen      total 236544K, used 74751K [0x00000000eab00000, 0x0000000100000000, 0x0000000100000000)
  eden space 161792K, 0% used [0x00000000eab00000,0x00000000eab00000,0x00000000f4900000)
  from space 74752K, 99% used [0x00000000fb700000,0x00000000fffffda0,0x0000000100000000)
  to   space 93696K, 0% used [0x00000000f4900000,0x00000000f4900000,0x00000000fa480000)
 ParOldGen       total 339456K, used 227052K [0x00000000c0000000, 0x00000000d4b80000, 0x00000000eab00000)
  object space 339456K, 66% used [0x00000000c0000000,0x00000000cddbb0c0,0x00000000d4b80000)
 Metaspace       used 6138K, capacity 7216K, committed 7296K, reserved 1056768K
  class space    used 572K, capacity 616K, committed 640K, reserved 1048576K
}
Event: 49.079 GC heap before
{Heap before GC invocations=18 (full 3):
 PSYoungGen      total 236544K, used 236543K [0x00000000eab00000, 0x0000000100000000, 0x0000000100000000)
  eden space 161792K, 100% used [0x00000000eab00000,0x00000000f4900000,0x00000000f4900000)
  from space 74752K, 99% used [0x00000000fb700000,0x00000000fffffda0,0x0000000100000000)
  to   space 93696K, 0% used [0x00000000f4900000,0x00000000f4900000,0x00000000fa480000)
 ParOldGen       total 339456K, used 227052K [0x00000000c0000000, 0x00000000d4b80000, 0x00000000eab00000)
  object space 339456K, 66% used [0x00000000c0000000,0x00000000cddbb0c0,0x00000000d4b80000)
 Metaspace       used 6149K, capacity 7216K, committed 7296K, reserved 1056768K
  class space    used 574K, capacity 616K, committed 640K, reserved 1048576K
Event: 49.554 GC heap after
Heap after GC invocations=18 (full 3):
 PSYoungGen      total 238080K, used 75831K [0x00000000eab00000, 0x0000000100000000, 0x0000000100000000)
  eden space 161792K, 0% used [0x00000000eab00000,0x00000000eab00000,0x00000000f4900000)
  from space 76288K, 99% used [0x00000000f4900000,0x00000000f930dc48,0x00000000f9380000)
  to   space 101888K, 0% used [0x00000000f9c80000,0x00000000f9c80000,0x0000000100000000)
 ParOldGen       total 339456K, used 252780K [0x00000000c0000000, 0x00000000d4b80000, 0x00000000eab00000)
  object space 339456K, 74% used [0x00000000c0000000,0x00000000cf6db1b0,0x00000000d4b80000)
 Metaspace       used 6149K, capacity 7216K, committed 7296K, reserved 1056768K
  class space    used 574K, capacity 616K, committed 640K, reserved 1048576K
}
Event: 51.179 GC heap before
{Heap before GC invocations=19 (full 3):
 PSYoungGen      total 238080K, used 237623K [0x00000000eab00000, 0x0000000100000000, 0x0000000100000000)
  eden space 161792K, 100% used [0x00000000eab00000,0x00000000f4900000,0x00000000f4900000)
  from space 76288K, 99% used [0x00000000f4900000,0x00000000f930dc48,0x00000000f9380000)
  to   space 101888K, 0% used [0x00000000f9c80000,0x00000000f9c80000,0x0000000100000000)
 ParOldGen       total 339456K, used 252780K [0x00000000c0000000, 0x00000000d4b80000, 0x00000000eab00000)
  object space 339456K, 74% used [0x00000000c0000000,0x00000000cf6db1b0,0x00000000d4b80000)
 Metaspace       used 6150K, capacity 7216K, committed 7296K, reserved 1056768K
  class space    used 574K, capacity 616K, committed 640K, reserved 1048576K
Event: 51.575 GC heap after
Heap after GC invocations=19 (full 3):
 PSYoungGen      total 218624K, used 101121K [0x00000000eab00000, 0x0000000100000000, 0x0000000100000000)
  eden space 116736K, 0% used [0x00000000eab00000,0x00000000eab00000,0x00000000f1d00000)
  from space 101888K, 99% used [0x00000000f9c80000,0x00000000fff40708,0x0000000100000000)
  to   space 116224K, 0% used [0x00000000f1d00000,0x00000000f1d00000,0x00000000f8e80000)
 ParOldGen       total 339456K, used 252780K [0x00000000c0000000, 0x00000000d4b80000, 0x00000000eab00000)
  object space 339456K, 74% used [0x00000000c0000000,0x00000000cf6db1b0,0x00000000d4b80000)
 Metaspace       used 6150K, capacity 7216K, committed 7296K, reserved 1056768K
  class space    used 574K, capacity 616K, committed 640K, reserved 1048576K
}
Event: 52.737 GC heap before
{Heap before GC invocations=20 (full 3):
 PSYoungGen      total 218624K, used 217857K [0x00000000eab00000, 0x0000000100000000, 0x0000000100000000)
  eden space 116736K, 100% used [0x00000000eab00000,0x00000000f1d00000,0x00000000f1d00000)
  from space 101888K, 99% used [0x00000000f9c80000,0x00000000fff40708,0x0000000100000000)
  to   space 116224K, 0% used [0x00000000f1d00000,0x00000000f1d00000,0x00000000f8e80000)
 ParOldGen       total 339456K, used 252780K [0x00000000c0000000, 0x00000000d4b80000, 0x00000000eab00000)
  object space 339456K, 74% used [0x00000000c0000000,0x00000000cf6db1b0,0x00000000d4b80000)
 Metaspace       used 6150K, capacity 7216K, committed 7296K, reserved 1056768K
  class space    used 574K, capacity 616K, committed 640K, reserved 1048576K
Event: 53.282 GC heap after
Heap after GC invocations=20 (full 3):
 PSYoungGen      total 232960K, used 69643K [0x00000000eab00000, 0x0000000100000000, 0x0000000100000000)
  eden space 116736K, 0% used [0x00000000eab00000,0x00000000eab00000,0x00000000f1d00000)
  from space 116224K, 59% used [0x00000000f1d00000,0x00000000f6102c00,0x00000000f8e80000)
  to   space 116224K, 0% used [0x00000000f8e80000,0x00000000f8e80000,0x0000000100000000)
 ParOldGen       total 339456K, used 302249K [0x00000000c0000000, 0x00000000d4b80000, 0x00000000eab00000)
  object space 339456K, 89% used [0x00000000c0000000,0x00000000d272a5a8,0x00000000d4b80000)
 Metaspace       used 6150K, capacity 7216K, committed 7296K, reserved 1056768K
  class space    used 574K, capacity 616K, committed 640K, reserved 1048576K
}
Event: 53.282 GC heap before
{Heap before GC invocations=21 (full 4):
 PSYoungGen      total 232960K, used 69643K [0x00000000eab00000, 0x0000000100000000, 0x0000000100000000)
  eden space 116736K, 0% used [0x00000000eab00000,0x00000000eab00000,0x00000000f1d00000)
  from space 116224K, 59% used [0x00000000f1d00000,0x00000000f6102c00,0x00000000f8e80000)
  to   space 116224K, 0% used [0x00000000f8e80000,0x00000000f8e80000,0x0000000100000000)
 ParOldGen       total 339456K, used 302249K [0x00000000c0000000, 0x00000000d4b80000, 0x00000000eab00000)
  object space 339456K, 89% used [0x00000000c0000000,0x00000000d272a5a8,0x00000000d4b80000)
 Metaspace       used 6150K, capacity 7216K, committed 7296K, reserved 1056768K
  class space    used 574K, capacity 616K, committed 640K, reserved 1048576K
Event: 58.088 GC heap after
Heap after GC invocations=21 (full 4):
 PSYoungGen      total 232960K, used 27505K [0x00000000eab00000, 0x0000000100000000, 0x0000000100000000)
  eden space 116736K, 0% used [0x00000000eab00000,0x00000000eab00000,0x00000000f1d00000)
  from space 116224K, 23% used [0x00000000f1d00000,0x00000000f37dc658,0x00000000f8e80000)
  to   space 116224K, 0% used [0x00000000f8e80000,0x00000000f8e80000,0x0000000100000000)
 ParOldGen       total 516608K, used 339255K [0x00000000c0000000, 0x00000000df880000, 0x00000000eab00000)
  object space 516608K, 65% used [0x00000000c0000000,0x00000000d4b4dfa8,0x00000000df880000)
 Metaspace       used 6150K, capacity 7216K, committed 7296K, reserved 1056768K
  class space    used 574K, capacity 616K, committed 640K, reserved 1048576K
}

Deoptimization events (10 events):
Event: 18.830 Thread 0x00007f6b6000a000 Uncommon trap: reason=bimorphic action=maybe_recompile pc=0x00007f6b5182cef4 method=com.android.dx.cf.code.BytecodeArray.parseInstruction(ILcom/android/dx/cf/code/BytecodeArray$Visitor;)I @ 1224
Event: 18.830 Thread 0x00007f6b6000a000 Uncommon trap: reason=bimorphic action=maybe_recompile pc=0x00007f6b5182cef4 method=com.android.dx.cf.code.BytecodeArray.parseInstruction(ILcom/android/dx/cf/code/BytecodeArray$Visitor;)I @ 1224
Event: 18.995 Thread 0x00007f6b6000a000 Uncommon trap: reason=unreached action=reinterpret pc=0x00007f6b517e6db0 method=com.android.dx.rop.code.RegisterSpec.intersect(Lcom/android/dx/rop/code/RegisterSpec;Z)Lcom/android/dx/rop/code/RegisterSpec; @ 59
Event: 24.780 Thread 0x00007f6b6000a000 Uncommon trap: reason=bimorphic action=maybe_recompile pc=0x00007f6b518d767c method=com.android.dx.cf.code.BytecodeArray.parseInstruction(ILcom/android/dx/cf/code/BytecodeArray$Visitor;)I @ 1035
Event: 24.780 Thread 0x00007f6b6000a000 Uncommon trap: reason=bimorphic action=maybe_recompile pc=0x00007f6b518d76f8 method=com.android.dx.cf.code.BytecodeArray.parseInstruction(ILcom/android/dx/cf/code/BytecodeArray$Visitor;)I @ 1051
Event: 24.781 Thread 0x00007f6b6000a000 Uncommon trap: reason=bimorphic action=maybe_recompile pc=0x00007f6b518d76f8 method=com.android.dx.cf.code.BytecodeArray.parseInstruction(ILcom/android/dx/cf/code/BytecodeArray$Visitor;)I @ 1051
Event: 25.388 Thread 0x00007f6b6000a000 Uncommon trap: reason=unreached action=reinterpret pc=0x00007f6b51606bb8 method=java.util.HashMap.getNode(ILjava/lang/Object;)Ljava/util/HashMap$Node; @ 84
Event: 27.649 Thread 0x00007f6b6000a000 Uncommon trap: reason=unreached action=reinterpret pc=0x00007f6b511e0e48 method=java.util.zip.ZipCoder.decoder()Ljava/nio/charset/CharsetDecoder; @ 4
Event: 47.980 Thread 0x00007f6b6000a000 Uncommon trap: reason=class_check action=maybe_recompile pc=0x00007f6b51a65214 method=com.android.dx.ssa.SsaConverter.placePhiFunctions(Lcom/android/dx/ssa/SsaMethod;Lcom/android/dx/ssa/LocalVariableInfo;I)V @ 257
Event: 58.391 Thread 0x00007f6b6000a000 Uncommon trap: reason=class_check action=maybe_recompile pc=0x00007f6b51734dec method=com.android.dx.rop.code.RegisterSpec$ForComparison.equals(Ljava/lang/Object;)Z @ 1

Internal exceptions (10 events):
Event: 3.395 Thread 0x00007f6b6000a000 Exception <a 'java/security/PrivilegedActionException'> (0x00000000eae7b800) thrown at [/HUDSON/workspace/8-2-build-linux-amd64/jdk8u25/1514/hotspot/src/share/vm/prims/jvm.cpp, line 1312]
Event: 3.485 Thread 0x00007f6b6000a000 Exception <a 'java/security/PrivilegedActionException'> (0x00000000eb0a2188) thrown at [/HUDSON/workspace/8-2-build-linux-amd64/jdk8u25/1514/hotspot/src/share/vm/prims/jvm.cpp, line 1312]
Event: 3.917 Thread 0x00007f6b6000a000 Exception <a 'java/security/PrivilegedActionException'> (0x00000000ebc7e438) thrown at [/HUDSON/workspace/8-2-build-linux-amd64/jdk8u25/1514/hotspot/src/share/vm/prims/jvm.cpp, line 1312]
Event: 5.091 Thread 0x00007f6b6000a000 Implicit null exception at 0x00007f6b5151b0ff to 0x00007f6b5151e151
Event: 5.814 Thread 0x00007f6b6000a000 Exception <a 'java/lang/ArrayIndexOutOfBoundsException': 18> (0x00000000eceb4430) thrown at [/HUDSON/workspace/8-2-build-linux-amd64/jdk8u25/1514/hotspot/src/share/vm/interpreter/interpreterRuntime.cpp, line 366]
Event: 5.820 Thread 0x00007f6b6000a000 Exception <a 'java/lang/ArrayIndexOutOfBoundsException'> (0x00000000eceb5ec8) thrown at [/HUDSON/workspace/8-2-build-linux-amd64/jdk8u25/1514/hotspot/src/share/vm/runtime/sharedRuntime.cpp, line 604]
Event: 5.821 Thread 0x00007f6b6000a000 Exception <a 'java/lang/ArrayIndexOutOfBoundsException'> (0x00000000eceb70e0) thrown at [/HUDSON/workspace/8-2-build-linux-amd64/jdk8u25/1514/hotspot/src/share/vm/runtime/sharedRuntime.cpp, line 604]
Event: 27.632 Thread 0x00007f6b6000a000 Exception <a 'java/security/PrivilegedActionException'> (0x00000000f6fcba30) thrown at [/HUDSON/workspace/8-2-build-linux-amd64/jdk8u25/1514/hotspot/src/share/vm/prims/jvm.cpp, line 1312]
Event: 47.950 Thread 0x00007f6b6000a000 Exception <a 'java/security/PrivilegedActionException'> (0x00000000ef0eca78) thrown at [/HUDSON/workspace/8-2-build-linux-amd64/jdk8u25/1514/hotspot/src/share/vm/prims/jvm.cpp, line 1312]
Event: 47.981 Thread 0x00007f6b6000a000 Exception <a 'java/security/PrivilegedActionException'> (0x00000000ef154038) thrown at [/HUDSON/workspace/8-2-build-linux-amd64/jdk8u25/1514/hotspot/src/share/vm/prims/jvm.cpp, line 1312]

Events (10 events):
Event: 52.044 Thread 0x00007f6b6000a000 DEOPT UNPACKING pc=0x00007f6b51046f73 sp=0x00007f6b69d6f960 mode 0
Event: 52.686 Thread 0x00007f6b600a7800 flushing nmethod 0x00007f6b514b1210
Event: 52.690 Thread 0x00007f6b6000a000 DEOPT PACKING pc=0x00007f6b515d39fe sp=0x00007f6b69d6fa10
Event: 52.690 Thread 0x00007f6b6000a000 DEOPT UNPACKING pc=0x00007f6b51046f73 sp=0x00007f6b69d6f870 mode 0
Event: 52.737 Executing VM operation: ParallelGCFailedAllocation
Event: 58.088 Executing VM operation: ParallelGCFailedAllocation done
Event: 58.315 Thread 0x00007f6b600a7800 flushing nmethod 0x00007f6b515a79d0
Event: 58.391 Thread 0x00007f6b6000a000 Uncommon trap: trap_request=0xffffffde fr.pc=0x00007f6b51734dec
Event: 58.392 Thread 0x00007f6b6000a000 DEOPT PACKING pc=0x00007f6b51734dec sp=0x00007f6b69d6f8e0
Event: 58.392 Thread 0x00007f6b6000a000 DEOPT UNPACKING pc=0x00007f6b51004f69 sp=0x00007f6b69d6f890 mode 2


Dynamic libraries:
00400000-00401000 r-xp 00000000 08:05 6948608                            /usr/lib/jvm/jdk1.8.0_25/bin/java
00600000-00601000 rw-p 00000000 08:05 6948608                            /usr/lib/jvm/jdk1.8.0_25/bin/java
01780000-017a1000 rw-p 00000000 00:00 0                                  [heap]
c0000000-df880000 rw-p 00000000 00:00 0 
df880000-eab00000 ---p 00000000 00:00 0 
eab00000-100000000 rw-p 00000000 00:00 0 
100000000-1000a0000 rw-p 00000000 00:00 0 
1000a0000-140000000 ---p 00000000 00:00 0 
7f6b20000000-7f6b20021000 rw-p 00000000 00:00 0 
7f6b20021000-7f6b24000000 ---p 00000000 00:00 0 
7f6b28000000-7f6b286c6000 rw-p 00000000 00:00 0 
7f6b286c6000-7f6b2c000000 ---p 00000000 00:00 0 
7f6b2c000000-7f6b2c021000 rw-p 00000000 00:00 0 
7f6b2c021000-7f6b30000000 ---p 00000000 00:00 0 
7f6b30000000-7f6b30021000 rw-p 00000000 00:00 0 
7f6b30021000-7f6b34000000 ---p 00000000 00:00 0 
7f6b34000000-7f6b359f8000 rw-p 00000000 00:00 0 
7f6b359f8000-7f6b38000000 ---p 00000000 00:00 0 
7f6b38000000-7f6b38021000 rw-p 00000000 00:00 0 
7f6b38021000-7f6b3c000000 ---p 00000000 00:00 0 
7f6b3c000000-7f6b3c021000 rw-p 00000000 00:00 0 
7f6b3c021000-7f6b40000000 ---p 00000000 00:00 0 
7f6b40000000-7f6b400fa000 rw-p 00000000 00:00 0 
7f6b400fa000-7f6b44000000 ---p 00000000 00:00 0 
7f6b44000000-7f6b44021000 rw-p 00000000 00:00 0 
7f6b44021000-7f6b48000000 ---p 00000000 00:00 0 
7f6b4af14000-7f6b4af15000 ---p 00000000 00:00 0 
7f6b4af15000-7f6b4b015000 rw-p 00000000 00:00 0                          [stack:15615]
7f6b4b015000-7f6b4b018000 ---p 00000000 00:00 0 
7f6b4b018000-7f6b4b116000 rw-p 00000000 00:00 0                          [stack:15614]
7f6b4b116000-7f6b4b119000 ---p 00000000 00:00 0 
7f6b4b119000-7f6b4b217000 rw-p 00000000 00:00 0                          [stack:15612]
7f6b4b217000-7f6b4b21a000 ---p 00000000 00:00 0 
7f6b4b21a000-7f6b4b318000 rw-p 00000000 00:00 0                          [stack:15611]
7f6b4b318000-7f6b4b31b000 ---p 00000000 00:00 0 
7f6b4b31b000-7f6b4b419000 rw-p 00000000 00:00 0                          [stack:15610]
7f6b4b419000-7f6b4bafb000 r--p 00000000 08:05 12327553                   /usr/lib/locale/locale-archive
7f6b4bafb000-7f6b4bafe000 ---p 00000000 00:00 0 
7f6b4bafe000-7f6b4bbfc000 rw-p 00000000 00:00 0                          [stack:15609]
7f6b4bbfc000-7f6b4bbff000 ---p 00000000 00:00 0 
7f6b4bbff000-7f6b4bcfd000 rw-p 00000000 00:00 0                          [stack:15608]
7f6b4bcfd000-7f6b4bcfe000 ---p 00000000 00:00 0 
7f6b4bcfe000-7f6b4c000000 rw-p 00000000 00:00 0                          [stack:15606]
7f6b4c000000-7f6b4c021000 rw-p 00000000 00:00 0 
7f6b4c021000-7f6b50000000 ---p 00000000 00:00 0 
7f6b5001d000-7f6b500f9000 r--s 00946000 08:05 3157478                    /home/qtm-purvesh/Project/Neel Chudasama/Metralarm/Metralarm/SRC/Metalarm/build/intermediates/transforms/jarMerging/debug/jars/1/1f/combined.jar
7f6b500f9000-7f6b50e80000 rw-p 00000000 00:00 0 
7f6b50e80000-7f6b51000000 ---p 00000000 00:00 0 
7f6b51000000-7f6b51ad0000 rwxp 00000000 00:00 0 
7f6b51ad0000-7f6b60000000 ---p 00000000 00:00 0 
7f6b60000000-7f6b60393000 rw-p 00000000 00:00 0 
7f6b60393000-7f6b64000000 ---p 00000000 00:00 0 
7f6b6407a000-7f6b640ea000 rw-p 00000000 00:00 0 
7f6b640ea000-7f6b642c0000 r--s 03caa000 08:05 6948517                    /usr/lib/jvm/jdk1.8.0_25/jre/lib/rt.jar
7f6b642c0000-7f6b66536000 rw-p 00000000 00:00 0 
7f6b66536000-7f6b66537000 ---p 00000000 00:00 0 
7f6b66537000-7f6b66637000 rw-p 00000000 00:00 0                          [stack:15605]
7f6b66637000-7f6b66638000 ---p 00000000 00:00 0 
7f6b66638000-7f6b66835000 rw-p 00000000 00:00 0                          [stack:15604]
7f6b66835000-7f6b6688e000 ---p 00000000 00:00 0 
7f6b6688e000-7f6b6698b000 rw-p 00000000 00:00 0 
7f6b6698b000-7f6b669e3000 ---p 00000000 00:00 0 
7f6b669e3000-7f6b66a8e000 rw-p 00000000 00:00 0 
7f6b66a8e000-7f6b66abb000 rw-p 00000000 00:00 0 
7f6b66abb000-7f6b66e4f000 ---p 00000000 00:00 0 
7f6b66e4f000-7f6b66e69000 r-xp 00000000 08:05 6948468                    /usr/lib/jvm/jdk1.8.0_25/jre/lib/amd64/libzip.so
7f6b66e69000-7f6b67069000 ---p 0001a000 08:05 6948468                    /usr/lib/jvm/jdk1.8.0_25/jre/lib/amd64/libzip.so
7f6b67069000-7f6b6706a000 rw-p 0001a000 08:05 6948468                    /usr/lib/jvm/jdk1.8.0_25/jre/lib/amd64/libzip.so
7f6b6706a000-7f6b67075000 r-xp 00000000 08:05 131406                     /lib/x86_64-linux-gnu/libnss_files-2.19.so
7f6b67075000-7f6b67274000 ---p 0000b000 08:05 131406                     /lib/x86_64-linux-gnu/libnss_files-2.19.so
7f6b67274000-7f6b67275000 r--p 0000a000 08:05 131406                     /lib/x86_64-linux-gnu/libnss_files-2.19.so
7f6b67275000-7f6b67276000 rw-p 0000b000 08:05 131406                     /lib/x86_64-linux-gnu/libnss_files-2.19.so
7f6b67276000-7f6b67281000 r-xp 00000000 08:05 131439                     /lib/x86_64-linux-gnu/libnss_nis-2.19.so
7f6b67281000-7f6b67480000 ---p 0000b000 08:05 131439                     /lib/x86_64-linux-gnu/libnss_nis-2.19.so
7f6b67480000-7f6b67481000 r--p 0000a000 08:05 131439                     /lib/x86_64-linux-gnu/libnss_nis-2.19.so
7f6b67481000-7f6b67482000 rw-p 0000b000 08:05 131439                     /lib/x86_64-linux-gnu/libnss_nis-2.19.so
7f6b67482000-7f6b67499000 r-xp 00000000 08:05 131422                     /lib/x86_64-linux-gnu/libnsl-2.19.so
7f6b67499000-7f6b67698000 ---p 00017000 08:05 131422                     /lib/x86_64-linux-gnu/libnsl-2.19.so
7f6b67698000-7f6b67699000 r--p 00016000 08:05 131422                     /lib/x86_64-linux-gnu/libnsl-2.19.so
7f6b67699000-7f6b6769a000 rw-p 00017000 08:05 131422                     /lib/x86_64-linux-gnu/libnsl-2.19.so
7f6b6769a000-7f6b6769c000 rw-p 00000000 00:00 0 
7f6b6769c000-7f6b676a5000 r-xp 00000000 08:05 131421                     /lib/x86_64-linux-gnu/libnss_compat-2.19.so
7f6b676a5000-7f6b678a4000 ---p 00009000 08:05 131421                     /lib/x86_64-linux-gnu/libnss_compat-2.19.so
7f6b678a4000-7f6b678a5000 r--p 00008000 08:05 131421                     /lib/x86_64-linux-gnu/libnss_compat-2.19.so
7f6b678a5000-7f6b678a6000 rw-p 00009000 08:05 131421                     /lib/x86_64-linux-gnu/libnss_compat-2.19.so
7f6b678a6000-7f6b678d0000 r-xp 00000000 08:05 6948447                    /usr/lib/jvm/jdk1.8.0_25/jre/lib/amd64/libjava.so
7f6b678d0000-7f6b67ad0000 ---p 0002a000 08:05 6948447                    /usr/lib/jvm/jdk1.8.0_25/jre/lib/amd64/libjava.so
7f6b67ad0000-7f6b67ad2000 rw-p 0002a000 08:05 6948447                    /usr/lib/jvm/jdk1.8.0_25/jre/lib/amd64/libjava.so
7f6b67ad2000-7f6b67adf000 r-xp 00000000 08:05 6948462                    /usr/lib/jvm/jdk1.8.0_25/jre/lib/amd64/libverify.so
7f6b67adf000-7f6b67cdf000 ---p 0000d000 08:05 6948462                    /usr/lib/jvm/jdk1.8.0_25/jre/lib/amd64/libverify.so
7f6b67cdf000-7f6b67ce1000 rw-p 0000d000 08:05 6948462                    /usr/lib/jvm/jdk1.8.0_25/jre/lib/amd64/libverify.so
7f6b67ce1000-7f6b67ce8000 r-xp 00000000 08:05 131432                     /lib/x86_64-linux-gnu/librt-2.19.so
7f6b67ce8000-7f6b67ee7000 ---p 00007000 08:05 131432                     /lib/x86_64-linux-gnu/librt-2.19.so
7f6b67ee7000-7f6b67ee8000 r--p 00006000 08:05 131432                     /lib/x86_64-linux-gnu/librt-2.19.so
7f6b67ee8000-7f6b67ee9000 rw-p 00007000 08:05 131432                     /lib/x86_64-linux-gnu/librt-2.19.so
7f6b67ee9000-7f6b67fee000 r-xp 00000000 08:05 131405                     /lib/x86_64-linux-gnu/libm-2.19.so
7f6b67fee000-7f6b681ed000 ---p 00105000 08:05 131405                     /lib/x86_64-linux-gnu/libm-2.19.so
7f6b681ed000-7f6b681ee000 r--p 00104000 08:05 131405                     /lib/x86_64-linux-gnu/libm-2.19.so
7f6b681ee000-7f6b681ef000 rw-p 00105000 08:05 131405                     /lib/x86_64-linux-gnu/libm-2.19.so
7f6b681ef000-7f6b68e5c000 r-xp 00000000 08:05 6948484                    /usr/lib/jvm/jdk1.8.0_25/jre/lib/amd64/server/libjvm.so
7f6b68e5c000-7f6b6905b000 ---p 00c6d000 08:05 6948484                    /usr/lib/jvm/jdk1.8.0_25/jre/lib/amd64/server/libjvm.so
7f6b6905b000-7f6b69131000 rw-p 00c6c000 08:05 6948484                    /usr/lib/jvm/jdk1.8.0_25/jre/lib/amd64/server/libjvm.so
7f6b69131000-7f6b69174000 rw-p 00000000 00:00 0 
7f6b69174000-7f6b6932f000 r-xp 00000000 08:05 131427                     /lib/x86_64-linux-gnu/libc-2.19.so
7f6b6932f000-7f6b6952e000 ---p 001bb000 08:05 131427                     /lib/x86_64-linux-gnu/libc-2.19.so
7f6b6952e000-7f6b69532000 r--p 001ba000 08:05 131427                     /lib/x86_64-linux-gnu/libc-2.19.so
7f6b69532000-7f6b69534000 rw-p 001be000 08:05 131427                     /lib/x86_64-linux-gnu/libc-2.19.so
7f6b69534000-7f6b69539000 rw-p 00000000 00:00 0 
7f6b69539000-7f6b6953c000 r-xp 00000000 08:05 131416                     /lib/x86_64-linux-gnu/libdl-2.19.so
7f6b6953c000-7f6b6973b000 ---p 00003000 08:05 131416                     /lib/x86_64-linux-gnu/libdl-2.19.so
7f6b6973b000-7f6b6973c000 r--p 00002000 08:05 131416                     /lib/x86_64-linux-gnu/libdl-2.19.so
7f6b6973c000-7f6b6973d000 rw-p 00003000 08:05 131416                     /lib/x86_64-linux-gnu/libdl-2.19.so
7f6b6973d000-7f6b69752000 r-xp 00000000 08:05 6947551                    /usr/lib/jvm/jdk1.8.0_25/lib/amd64/jli/libjli.so
7f6b69752000-7f6b69951000 ---p 00015000 08:05 6947551                    /usr/lib/jvm/jdk1.8.0_25/lib/amd64/jli/libjli.so
7f6b69951000-7f6b69952000 rw-p 00014000 08:05 6947551                    /usr/lib/jvm/jdk1.8.0_25/lib/amd64/jli/libjli.so
7f6b69952000-7f6b6996b000 r-xp 00000000 08:05 131428                     /lib/x86_64-linux-gnu/libpthread-2.19.so
7f6b6996b000-7f6b69b6a000 ---p 00019000 08:05 131428                     /lib/x86_64-linux-gnu/libpthread-2.19.so
7f6b69b6a000-7f6b69b6b000 r--p 00018000 08:05 131428                     /lib/x86_64-linux-gnu/libpthread-2.19.so
7f6b69b6b000-7f6b69b6c000 rw-p 00019000 08:05 131428                     /lib/x86_64-linux-gnu/libpthread-2.19.so
7f6b69b6c000-7f6b69b70000 rw-p 00000000 00:00 0 
7f6b69b70000-7f6b69b93000 r-xp 00000000 08:05 131424                     /lib/x86_64-linux-gnu/ld-2.19.so
7f6b69b98000-7f6b69c71000 rw-p 00000000 00:00 0 
7f6b69c71000-7f6b69c74000 ---p 00000000 00:00 0 
7f6b69c74000-7f6b69d76000 rw-p 00000000 00:00 0                          [stack:15603]
7f6b69d77000-7f6b69d86000 r--s 000dd000 08:05 6955717                    /home/qtm-purvesh/Android-sdks/build-tools/22.0.1/lib/dx.jar
7f6b69d86000-7f6b69d8e000 rw-s 00000000 08:05 17054557                   /tmp/hsperfdata_qtm-purvesh/15599
7f6b69d8e000-7f6b69d8f000 rw-p 00000000 00:00 0 
7f6b69d8f000-7f6b69d90000 r--p 00000000 00:00 0 
7f6b69d90000-7f6b69d92000 rw-p 00000000 00:00 0 
7f6b69d92000-7f6b69d93000 r--p 00022000 08:05 131424                     /lib/x86_64-linux-gnu/ld-2.19.so
7f6b69d93000-7f6b69d94000 rw-p 00023000 08:05 131424                     /lib/x86_64-linux-gnu/ld-2.19.so
7f6b69d94000-7f6b69d95000 rw-p 00000000 00:00 0 
7ffecbc4e000-7ffecbc6f000 rw-p 00000000 00:00 0                          [stack]
7ffecbd13000-7ffecbd15000 r-xp 00000000 00:00 0                          [vdso]
ffffffffff600000-ffffffffff601000 r-xp 00000000 00:00 0                  [vsyscall]

VM Arguments:
jvm_args: -Djava.awt.headless=true -Xmx1024M -Dfile.encoding=UTF-8 -Duser.country=IN -Duser.language=en -Duser.variant 
java_command: com.android.dx.command.Main --dex --multi-dex --main-dex-list /home/qtm-purvesh/Project/Neel Chudasama/Metralarm/Metralarm/SRC/Metalarm/build/intermediates/multi-dex/debug/maindexlist.txt --output /home/qtm-purvesh/Project/Neel Chudasama/Metralarm/Metralarm/SRC/Metalarm/build/intermediates/transforms/dex/debug/folders/1000/1f/main /home/qtm-purvesh/Project/Neel Chudasama/Metralarm/Metralarm/SRC/Metalarm/build/intermediates/transforms/jarMerging/debug/jars/1/1f/combined.jar
java_class_path (initial): /home/qtm-purvesh/Android-sdks/build-tools/22.0.1/lib/dx.jar
Launcher Type: SUN_STANDARD

Environment Variables:
PATH=/usr/local/sbin:/usr/local/bin:/usr/sbin:/usr/bin:/sbin:/bin:/usr/games:/usr/local/games
LD_LIBRARY_PATH=/opt/android-studio/bin:
SHELL=/bin/bash
DISPLAY=:0.0

Signal Handlers:
SIGSEGV: [libjvm.so+0xa79a80], sa_mask[0]=11111111011111111101111111111110, sa_flags=SA_RESTART|SA_SIGINFO
SIGBUS: [libjvm.so+0xa79a80], sa_mask[0]=11111111011111111101111111111110, sa_flags=SA_RESTART|SA_SIGINFO
SIGFPE: [libjvm.so+0x8e24e0], sa_mask[0]=11111111011111111101111111111110, sa_flags=SA_RESTART|SA_SIGINFO
SIGPIPE: [libjvm.so+0x8e24e0], sa_mask[0]=11111111011111111101111111111110, sa_flags=SA_RESTART|SA_SIGINFO
SIGXFSZ: [libjvm.so+0x8e24e0], sa_mask[0]=11111111011111111101111111111110, sa_flags=SA_RESTART|SA_SIGINFO
SIGILL: [libjvm.so+0x8e24e0], sa_mask[0]=11111111011111111101111111111110, sa_flags=SA_RESTART|SA_SIGINFO
SIGUSR1: SIG_DFL, sa_mask[0]=00000000000000000000000000000000, sa_flags=none
SIGUSR2: [libjvm.so+0x8e3d10], sa_mask[0]=00100000000000000000000000000000, sa_flags=SA_RESTART|SA_SIGINFO
SIGHUP: [libjvm.so+0x8e50d0], sa_mask[0]=11111111011111111101111111111110, sa_flags=SA_RESTART|SA_SIGINFO
SIGINT: [libjvm.so+0x8e50d0], sa_mask[0]=11111111011111111101111111111110, sa_flags=SA_RESTART|SA_SIGINFO
SIGTERM: [libjvm.so+0x8e50d0], sa_mask[0]=11111111011111111101111111111110, sa_flags=SA_RESTART|SA_SIGINFO
SIGQUIT: [libjvm.so+0x8e50d0], sa_mask[0]=11111111011111111101111111111110, sa_flags=SA_RESTART|SA_SIGINFO


---------------  S Y S T E M  ---------------

OS:DISTRIB_ID=Ubuntu
DISTRIB_RELEASE=14.04
DISTRIB_CODENAME=trusty
DISTRIB_DESCRIPTION="Ubuntu 14.04.3 LTS"

uname:Linux 3.13.0-68-generic #111-Ubuntu SMP Fri Nov 6 18:17:06 UTC 2015 x86_64
libc:glibc 2.19 NPTL 2.19 
rlimit: STACK 8192k, CORE 0k, NPROC 46533, NOFILE 4096, AS infinity
load average:4.69 4.16 3.69

/proc/meminfo:
MemTotal:        5977912 kB
MemFree:          894324 kB
Buffers:           63988 kB
Cached:          1303144 kB
SwapCached:        11068 kB
Active:          3869340 kB
Inactive:         904372 kB
Active(anon):    3356444 kB
Inactive(anon):   182584 kB
Active(file):     512896 kB
Inactive(file):   721788 kB
Unevictable:         108 kB
Mlocked:             108 kB
SwapTotal:       4465660 kB
SwapFree:        4340120 kB
Dirty:               184 kB
Writeback:             0 kB
AnonPages:       3396152 kB
Mapped:           155360 kB
Shmem:            132448 kB
Slab:             195948 kB
SReclaimable:     162568 kB
SUnreclaim:        33380 kB
KernelStack:        4696 kB
PageTables:        44888 kB
NFS_Unstable:          0 kB
Bounce:                0 kB
WritebackTmp:          0 kB
CommitLimit:     7454616 kB
Committed_AS:    7671980 kB
VmallocTotal:   34359738367 kB
VmallocUsed:      550724 kB
VmallocChunk:   34359180764 kB
HardwareCorrupted:     0 kB
AnonHugePages:   2033664 kB
HugePages_Total:       0
HugePages_Free:        0
HugePages_Rsvd:        0
HugePages_Surp:        0
Hugepagesize:       2048 kB
DirectMap4k:       51840 kB
DirectMap2M:     6103040 kB


CPU:total 2 (2 cores per cpu, 1 threads per core) family 6 model 15 stepping 11, cmov, cx8, fxsr, mmx, sse, sse2, sse3, ssse3, tsc

/proc/cpuinfo:
processor	: 0
vendor_id	: GenuineIntel
cpu family	: 6
model		: 15
model name	: Intel(R) Core(TM)2 Duo CPU     E6550  @ 2.33GHz
stepping	: 11
microcode	: 0xb6
cpu MHz		: 1861.426
cache size	: 4096 KB
physical id	: 0
siblings	: 2
core id		: 0
cpu cores	: 2
apicid		: 0
initial apicid	: 0
fpu		: yes
fpu_exception	: yes
cpuid level	: 10
wp		: yes
flags		: fpu vme de pse tsc msr pae mce cx8 apic sep mtrr pge mca cmov pat pse36 clflush dts acpi mmx fxsr sse sse2 ss ht tm pbe syscall nx lm constant_tsc arch_perfmon pebs bts rep_good nopl aperfmperf pni dtes64 monitor ds_cpl vmx smx est tm2 ssse3 cx16 xtpr pdcm lahf_lm dtherm tpr_shadow vnmi flexpriority
bogomips	: 3722.85
clflush size	: 64
cache_alignment	: 64
address sizes	: 36 bits physical, 48 bits virtual
power management:

processor	: 1
vendor_id	: GenuineIntel
cpu family	: 6
model		: 15
model name	: Intel(R) Core(TM)2 Duo CPU     E6550  @ 2.33GHz
stepping	: 11
microcode	: 0xb6
cpu MHz		: 1861.426
cache size	: 4096 KB
physical id	: 0
siblings	: 2
core id		: 1
cpu cores	: 2
apicid		: 1
initial apicid	: 1
fpu		: yes
fpu_exception	: yes
cpuid level	: 10
wp		: yes
flags		: fpu vme de pse tsc msr pae mce cx8 apic sep mtrr pge mca cmov pat pse36 clflush dts acpi mmx fxsr sse sse2 ss ht tm pbe syscall nx lm constant_tsc arch_perfmon pebs bts rep_good nopl aperfmperf pni dtes64 monitor ds_cpl vmx smx est tm2 ssse3 cx16 xtpr pdcm lahf_lm dtherm tpr_shadow vnmi flexpriority
bogomips	: 3722.85
clflush size	: 64
cache_alignment	: 64
address sizes	: 36 bits physical, 48 bits virtual
power management:



Memory: 4k page, physical 5977912k(894324k free), swap 4465660k(4340120k free)

vm_info: Java HotSpot(TM) 64-Bit Server VM (25.25-b02) for linux-amd64 JRE (1.8.0_25-b17), built on Sep 17 2014 17:32:11 by "java_re" with gcc 4.3.0 20080428 (Red Hat 4.3.0-8)

time: Fri May 20 19:25:49 2016
elapsed time: 58 seconds (0d 0h 0m 58s)

